# JRE version: OpenJDK Runtime Environment (21.0.5) (build 21.0.5+-12932927-b750.29)
# Java VM: OpenJDK 64-Bit Server VM (21.0.5+-12932927-b750.29, mixed mode, tiered, compressed oops, compressed class ptrs, g1 gc, windows-amd64)
GC Precious Log:
 CardTable entry size: 512
 Card Set container configuration: InlinePtr #cards 5 size 8 Array Of Cards #cards 12 size 40 Howl #buckets 4 coarsen threshold 1843 Howl Bitmap #cards 512 size 80 coarsen threshold 460 Card regions per heap region 1 cards per card region 2048
 CPUs: 16 total, 16 available
 Memory: 15693M
 Large Page Support: Disabled
 NUMA Support: Disabled
 Compressed Oops: Enabled (32-bit)
 Heap Region Size: 1M
 Heap Min Capacity: 8M
 Heap Initial Capacity: 246M
 Heap Max Capacity: 2G
 Pre-touch: Disabled
 Parallel Workers: 13
 Concurrent Workers: 3
 Concurrent Refinement Workers: 13
 Periodic GC: Disabled
Heap:
 garbage-first heap   total 345088K, used 233972K [0x0000000080000000, 0x0000000100000000)
  region size 1024K, 48 young (49152K), 10 survivors (10240K)
 Metaspace       used 169931K, committed 172480K, reserved 1245184K
  class space    used 21332K, committed 22592K, reserved 1048576K
GC Heap History (20 events):
Event: 104.969 GC heap before
{Heap before GC invocations=72 (full 0):
 garbage-first heap   total 330752K, used 298840K [0x0000000080000000, 0x0000000100000000)
  region size 1024K, 134 young (137216K), 12 survivors (12288K)
 Metaspace       used 155773K, committed 158208K, reserved 1245184K
  class space    used 19642K, committed 20864K, reserved 1048576K
}
Event: 104.976 GC heap after
{Heap after GC invocations=73 (full 0):
 garbage-first heap   total 330752K, used 168251K [0x0000000080000000, 0x0000000100000000)
  region size 1024K, 7 young (7168K), 7 survivors (7168K)
 Metaspace       used 155773K, committed 158208K, reserved 1245184K
  class space    used 19642K, committed 20864K, reserved 1048576K
}
Event: 105.833 GC heap before
{Heap before GC invocations=73 (full 0):
 garbage-first heap   total 330752K, used 304443K [0x0000000080000000, 0x0000000100000000)
  region size 1024K, 141 young (144384K), 7 survivors (7168K)
 Metaspace       used 155817K, committed 158272K, reserved 1245184K
  class space    used 19642K, committed 20864K, reserved 1048576K
}
Event: 105.839 GC heap after
{Heap after GC invocations=74 (full 0):
 garbage-first heap   total 330752K, used 168151K [0x0000000080000000, 0x0000000100000000)
  region size 1024K, 7 young (7168K), 7 survivors (7168K)
 Metaspace       used 155817K, committed 158272K, reserved 1245184K
  class space    used 19642K, committed 20864K, reserved 1048576K
}
Event: 106.499 GC heap before
{Heap before GC invocations=75 (full 0):
 garbage-first heap   total 330752K, used 306391K [0x0000000080000000, 0x0000000100000000)
  region size 1024K, 141 young (144384K), 7 survivors (7168K)
 Metaspace       used 155984K, committed 158336K, reserved 1245184K
  class space    used 19671K, committed 20864K, reserved 1048576K
}
Event: 106.503 GC heap after
{Heap after GC invocations=76 (full 0):
 garbage-first heap   total 330752K, used 169375K [0x0000000080000000, 0x0000000100000000)
  region size 1024K, 8 young (8192K), 8 survivors (8192K)
 Metaspace       used 155984K, committed 158336K, reserved 1245184K
  class space    used 19671K, committed 20864K, reserved 1048576K
}
Event: 106.923 GC heap before
{Heap before GC invocations=76 (full 0):
 garbage-first heap   total 330752K, used 304543K [0x0000000080000000, 0x0000000100000000)
  region size 1024K, 139 young (142336K), 8 survivors (8192K)
 Metaspace       used 156104K, committed 158464K, reserved 1245184K
  class space    used 19680K, committed 20864K, reserved 1048576K
}
Event: 106.928 GC heap after
{Heap after GC invocations=77 (full 0):
 garbage-first heap   total 330752K, used 167285K [0x0000000080000000, 0x0000000100000000)
  region size 1024K, 7 young (7168K), 7 survivors (7168K)
 Metaspace       used 156104K, committed 158464K, reserved 1245184K
  class space    used 19680K, committed 20864K, reserved 1048576K
}
Event: 107.338 GC heap before
{Heap before GC invocations=77 (full 0):
 garbage-first heap   total 330752K, used 305525K [0x0000000080000000, 0x0000000100000000)
  region size 1024K, 142 young (145408K), 7 survivors (7168K)
 Metaspace       used 156119K, committed 158464K, reserved 1245184K
  class space    used 19680K, committed 20864K, reserved 1048576K
}
Event: 107.343 GC heap after
{Heap after GC invocations=78 (full 0):
 garbage-first heap   total 330752K, used 168106K [0x0000000080000000, 0x0000000100000000)
  region size 1024K, 8 young (8192K), 8 survivors (8192K)
 Metaspace       used 156119K, committed 158464K, reserved 1245184K
  class space    used 19680K, committed 20864K, reserved 1048576K
}
Event: 107.858 GC heap before
{Heap before GC invocations=79 (full 0):
 garbage-first heap   total 330752K, used 305322K [0x0000000080000000, 0x0000000100000000)
  region size 1024K, 141 young (144384K), 8 survivors (8192K)
 Metaspace       used 156594K, committed 158976K, reserved 1245184K
  class space    used 19733K, committed 20928K, reserved 1048576K
}
Event: 107.863 GC heap after
{Heap after GC invocations=80 (full 0):
 garbage-first heap   total 330752K, used 167822K [0x0000000080000000, 0x0000000100000000)
  region size 1024K, 8 young (8192K), 8 survivors (8192K)
 Metaspace       used 156594K, committed 158976K, reserved 1245184K
  class space    used 19733K, committed 20928K, reserved 1048576K
}
Event: 108.221 GC heap before
{Heap before GC invocations=80 (full 0):
 garbage-first heap   total 330752K, used 304014K [0x0000000080000000, 0x0000000100000000)
  region size 1024K, 141 young (144384K), 8 survivors (8192K)
 Metaspace       used 156594K, committed 158976K, reserved 1245184K
  class space    used 19733K, committed 20928K, reserved 1048576K
}
Event: 108.227 GC heap after
{Heap after GC invocations=81 (full 0):
 garbage-first heap   total 330752K, used 167187K [0x0000000080000000, 0x0000000100000000)
  region size 1024K, 9 young (9216K), 9 survivors (9216K)
 Metaspace       used 156594K, committed 158976K, reserved 1245184K
  class space    used 19733K, committed 20928K, reserved 1048576K
}
Event: 108.506 GC heap before
{Heap before GC invocations=81 (full 0):
 garbage-first heap   total 330752K, used 288019K [0x0000000080000000, 0x0000000100000000)
  region size 1024K, 129 young (132096K), 9 survivors (9216K)
 Metaspace       used 156679K, committed 159040K, reserved 1245184K
  class space    used 19737K, committed 20928K, reserved 1048576K
}
Event: 108.511 GC heap after
{Heap after GC invocations=82 (full 0):
 garbage-first heap   total 330752K, used 165260K [0x0000000080000000, 0x0000000100000000)
  region size 1024K, 8 young (8192K), 8 survivors (8192K)
 Metaspace       used 156679K, committed 159040K, reserved 1245184K
  class space    used 19737K, committed 20928K, reserved 1048576K
}
Event: 114.475 GC heap before
{Heap before GC invocations=83 (full 0):
 garbage-first heap   total 330752K, used 318860K [0x0000000080000000, 0x0000000100000000)
  region size 1024K, 143 young (146432K), 8 survivors (8192K)
 Metaspace       used 157830K, committed 160192K, reserved 1245184K
  class space    used 19799K, committed 20992K, reserved 1048576K
}
Event: 114.485 GC heap after
{Heap after GC invocations=84 (full 0):
 garbage-first heap   total 342016K, used 183605K [0x0000000080000000, 0x0000000100000000)
  region size 1024K, 18 young (18432K), 18 survivors (18432K)
 Metaspace       used 157830K, committed 160192K, reserved 1245184K
  class space    used 19799K, committed 20992K, reserved 1048576K
}
Event: 117.412 GC heap before
{Heap before GC invocations=84 (full 0):
 garbage-first heap   total 342016K, used 311605K [0x0000000080000000, 0x0000000100000000)
  region size 1024K, 136 young (139264K), 18 survivors (18432K)
 Metaspace       used 167199K, committed 169792K, reserved 1245184K
  class space    used 20992K, committed 22272K, reserved 1048576K
}
Event: 117.423 GC heap after
{Heap after GC invocations=85 (full 0):
 garbage-first heap   total 345088K, used 196084K [0x0000000080000000, 0x0000000100000000)
  region size 1024K, 10 young (10240K), 10 survivors (10240K)
 Metaspace       used 167199K, committed 169792K, reserved 1245184K
  class space    used 20992K, committed 22272K, reserved 1048576K
}

